<?xml version="1.0" encoding="UTF-8"?>
<robot generator="Robot 7.0 (Python 3.12.1 on win32)" generated="2024-02-18T02:49:38.327179" rpa="false" schemaversion="5">
<suite id="s1" name="Walkdog-Robot" source="G:\QAx\projects\walkdog-robot">
<suite id="s1-s1" name="Testes" source="G:\QAx\projects\walkdog-robot\testes">
<suite id="s1-s1-s1" name="Signup" source="G:\QAx\projects\walkdog-robot\testes\signup.robot">
<test id="s1-s1-s1-t1" name="Deve pode cadastrar um novo dog walker" line="11">
<kw name="Start session" owner="base" type="SETUP">
<kw name="New Browser" owner="Browser">
<msg time="2024-02-18T02:49:39.889167" level="INFO">{"browser": "chromium", "headless": false, "chromiumSandbox": false, "devtools": false, "handleSIGHUP": true, "handleSIGINT": true, "handleSIGTERM": true, "slowMo": 0.0, "timeout": 30000.0, "tracesDir": "G:\\QAx\\projects\\walkdog-robot\\results\\browser\\traces\\2f8d2fd0-9fc3-4ab0-92b4-8ad35be30d8d"}</msg>
<msg time="2024-02-18T02:49:40.629225" level="INFO">Successfully created browser with options: {"browser":"chromium","headless":false,"chromiumSandbox":false,"devtools":false,"handleSIGHUP":true,"handleSIGINT":true,"handleSIGTERM":true,"slowMo":0,"timeout":30000,"tracesDir":"G:\\QAx\\projects\\walkdog-robot\\results\\browser\\traces\\2f8d2fd0-9fc3-4ab0-92b4-8ad35be30d8d"}</msg>
<arg>browser=${BROWSER}</arg>
<arg>headless=False</arg>
<tag>BrowserControl</tag>
<tag>Setter</tag>
<doc>Create a new playwright Browser with specified options.</doc>
<status status="PASS" start="2024-02-18T02:49:39.887170" elapsed="0.743054"/>
</kw>
<kw name="New Page" owner="Browser">
<msg time="2024-02-18T02:49:41.593244" level="INFO">Successfully initialized new page object and opened url: https://walkdog.vercel.app</msg>
<msg time="2024-02-18T02:49:41.593244" level="INFO">No context was open. New context was automatically opened when this page is created.</msg>
<arg>https://walkdog.vercel.app</arg>
<tag>BrowserControl</tag>
<tag>Setter</tag>
<doc>Open a new Page.</doc>
<status status="PASS" start="2024-02-18T02:49:40.630224" elapsed="0.964019"/>
</kw>
<kw name="Wait For Elements State" owner="Browser">
<msg time="2024-02-18T02:49:41.658198" level="INFO">Waited for Element with selector css=h1 &gt;&gt; text=Cuidado e diversão em cada passo at state visible</msg>
<arg>css=h1 &gt;&gt; text=Cuidado e diversão em cada passo</arg>
<arg>visible</arg>
<arg>5</arg>
<tag>PageContent</tag>
<tag>Wait</tag>
<doc>Waits for the element found by ``selector`` to satisfy state option.</doc>
<status status="PASS" start="2024-02-18T02:49:41.594243" elapsed="0.063955"/>
</kw>
<status status="PASS" start="2024-02-18T02:49:39.886171" elapsed="1.773026"/>
</kw>
<kw name="Create Dictionary" owner="BuiltIn">
<msg time="2024-02-18T02:49:41.660196" level="INFO">${dog_walker} = {'name': 'Lívia Marconi', 'email': 'liviamarconi31@gmail.com', 'cpf': '46771167844', 'cep': '02996080', 'addressStreet': 'Rua Domenico Montella', 'addressDistrict': 'Parque Nações Unidas', 'addressCit...</msg>
<var>${dog_walker}</var>
<arg>name=Lívia Marconi</arg>
<arg>email=liviamarconi31@gmail.com</arg>
<arg>cpf=46771167844</arg>
<arg>cep=02996080</arg>
<arg>addressStreet=Rua Domenico Montella</arg>
<arg>addressDistrict=Parque Nações Unidas</arg>
<arg>addressCityUF=São Paulo/SP</arg>
<arg>addressNumber=25</arg>
<arg>addressDetails=Ao lado do 121</arg>
<arg>cnh=toretto.jpg</arg>
<doc>Creates and returns a dictionary based on the given ``items``.</doc>
<status status="PASS" start="2024-02-18T02:49:41.659197" elapsed="0.001998"/>
</kw>
<kw name="Go to signup page" owner="signup">
<kw name="Click" owner="Browser">
<arg>css=a[href="/signup"]</arg>
<tag>PageContent</tag>
<tag>Setter</tag>
<doc>Simulates mouse click on the element found by ``selector``.</doc>
<status status="PASS" start="2024-02-18T02:49:41.662195" elapsed="0.336764"/>
</kw>
<kw name="Wait For Elements State" owner="Browser">
<msg time="2024-02-18T02:49:42.016947" level="INFO">Waited for Element with selector form h1 at state visible</msg>
<arg>form h1</arg>
<arg>visible</arg>
<arg>5000</arg>
<tag>PageContent</tag>
<tag>Wait</tag>
<doc>Waits for the element found by ``selector`` to satisfy state option.</doc>
<status status="PASS" start="2024-02-18T02:49:41.998959" elapsed="0.018986"/>
</kw>
<kw name="Get Text" owner="Browser">
<msg time="2024-02-18T02:49:42.070909" level="INFO">Text: 'Faça seu cadastro'</msg>
<arg>form h1</arg>
<arg>equal</arg>
<arg>Faça seu cadastro</arg>
<tag>Assertion</tag>
<tag>Getter</tag>
<tag>PageContent</tag>
<doc>Returns text attribute of the element found by ``selector``.</doc>
<status status="PASS" start="2024-02-18T02:49:42.017945" elapsed="0.054961"/>
</kw>
<status status="PASS" start="2024-02-18T02:49:41.661195" elapsed="0.412711"/>
</kw>
<kw name="Fill signup form" owner="signup">
<kw name="Fill Text" owner="Browser">
<msg time="2024-02-18T02:49:42.076903" level="INFO">Fills the text 'Lívia Marconi' in the given field.</msg>
<arg>css=input[name=name]</arg>
<arg>${dog_walker}[name]</arg>
<tag>PageContent</tag>
<tag>Setter</tag>
<doc>Clears and fills the given ``txt`` into the text field found by ``selector``.</doc>
<status status="PASS" start="2024-02-18T02:49:42.075904" elapsed="0.040971"/>
</kw>
<kw name="Fill Text" owner="Browser">
<msg time="2024-02-18T02:49:42.117874" level="INFO">Fills the text 'liviamarconi31@gmail.com' in the given field.</msg>
<arg>css=input[name=email]</arg>
<arg>${dog_walker}[email]</arg>
<tag>PageContent</tag>
<tag>Setter</tag>
<doc>Clears and fills the given ``txt`` into the text field found by ``selector``.</doc>
<status status="PASS" start="2024-02-18T02:49:42.116875" elapsed="0.033976"/>
</kw>
<kw name="Fill Text" owner="Browser">
<msg time="2024-02-18T02:49:42.151850" level="INFO">Fills the text '46771167844' in the given field.</msg>
<arg>css=input[name=cpf]</arg>
<arg>${dog_walker}[cpf]</arg>
<tag>PageContent</tag>
<tag>Setter</tag>
<doc>Clears and fills the given ``txt`` into the text field found by ``selector``.</doc>
<status status="PASS" start="2024-02-18T02:49:42.150851" elapsed="0.031977"/>
</kw>
<kw name="Fill Text" owner="Browser">
<msg time="2024-02-18T02:49:42.183827" level="INFO">Fills the text '02996080' in the given field.</msg>
<arg>css=input[name=cep]</arg>
<arg>${dog_walker}[cep]</arg>
<tag>PageContent</tag>
<tag>Setter</tag>
<doc>Clears and fills the given ``txt`` into the text field found by ``selector``.</doc>
<status status="PASS" start="2024-02-18T02:49:42.182828" elapsed="0.028981"/>
</kw>
<kw name="Click" owner="Browser">
<arg>css=input[type=button][value$=CEP]</arg>
<tag>PageContent</tag>
<tag>Setter</tag>
<doc>Simulates mouse click on the element found by ``selector``.</doc>
<status status="PASS" start="2024-02-18T02:49:42.211809" elapsed="0.053962"/>
</kw>
<kw name="Get Property" owner="Browser">
<msg time="2024-02-18T02:49:42.695513" level="INFO">Property: 'Rua Domenico Montella'</msg>
<arg>css=input[name=addressStreet]</arg>
<arg>value</arg>
<arg>equal</arg>
<arg>${dog_walker}[addressStreet]</arg>
<tag>Assertion</tag>
<tag>Getter</tag>
<tag>PageContent</tag>
<doc>Returns the ``property`` of the element found by ``selector``.</doc>
<status status="PASS" start="2024-02-18T02:49:42.266769" elapsed="0.428744"/>
</kw>
<kw name="Get Property" owner="Browser">
<msg time="2024-02-18T02:49:42.710502" level="INFO">Property: 'Parque Nações Unidas'</msg>
<arg>css=input[name=addressDistrict]</arg>
<arg>value</arg>
<arg>equal</arg>
<arg>${dog_walker}[addressDistrict]</arg>
<tag>Assertion</tag>
<tag>Getter</tag>
<tag>PageContent</tag>
<doc>Returns the ``property`` of the element found by ``selector``.</doc>
<status status="PASS" start="2024-02-18T02:49:42.695513" elapsed="0.015988"/>
</kw>
<kw name="Get Property" owner="Browser">
<msg time="2024-02-18T02:49:42.727490" level="INFO">Property: 'São Paulo/SP'</msg>
<arg>css=input[name=addressCityUf]</arg>
<arg>value</arg>
<arg>equal</arg>
<arg>${dog_walker}[addressCityUF]</arg>
<tag>Assertion</tag>
<tag>Getter</tag>
<tag>PageContent</tag>
<doc>Returns the ``property`` of the element found by ``selector``.</doc>
<status status="PASS" start="2024-02-18T02:49:42.711501" elapsed="0.015989"/>
</kw>
<kw name="Fill Text" owner="Browser">
<msg time="2024-02-18T02:49:42.728489" level="INFO">Fills the text '25' in the given field.</msg>
<arg>css=input[name=addressNumber]</arg>
<arg>${dog_walker}[addressNumber]</arg>
<tag>PageContent</tag>
<tag>Setter</tag>
<doc>Clears and fills the given ``txt`` into the text field found by ``selector``.</doc>
<status status="PASS" start="2024-02-18T02:49:42.728489" elapsed="0.033519"/>
</kw>
<kw name="Fill Text" owner="Browser">
<msg time="2024-02-18T02:49:42.763007" level="INFO">Fills the text 'Ao lado do 121' in the given field.</msg>
<arg>css=input[name=addressDetails]</arg>
<arg>${dog_walker}[addressDetails]</arg>
<tag>PageContent</tag>
<tag>Setter</tag>
<doc>Clears and fills the given ``txt`` into the text field found by ``selector``.</doc>
<status status="PASS" start="2024-02-18T02:49:42.763007" elapsed="0.024981"/>
</kw>
<kw name="Upload File By Selector" owner="Browser">
<arg>css=input[type=file]</arg>
<arg>${EXECDIR}/resources/fixtures/${dog_walker}[cnh]</arg>
<tag>PageContent</tag>
<tag>Setter</tag>
<doc>Uploads file from `path` to file input element matched by selector.</doc>
<status status="PASS" start="2024-02-18T02:49:42.788989" elapsed="0.026980"/>
</kw>
<arg>${dog_walker}</arg>
<status status="PASS" start="2024-02-18T02:49:42.074905" elapsed="0.741064"/>
</kw>
<kw name="Sleep" owner="BuiltIn">
<msg time="2024-02-18T02:49:47.818509" level="INFO">Slept 5 seconds.</msg>
<arg>5</arg>
<doc>Pauses the test executed for the given time.</doc>
<status status="PASS" start="2024-02-18T02:49:42.816968" elapsed="5.001541"/>
</kw>
<kw name="Submit signup form" owner="signup">
<kw name="Click" owner="Browser">
<arg>css=.button-register</arg>
<tag>PageContent</tag>
<tag>Setter</tag>
<doc>Simulates mouse click on the element found by ``selector``.</doc>
<status status="PASS" start="2024-02-18T02:49:47.820506" elapsed="0.048109"/>
</kw>
<status status="PASS" start="2024-02-18T02:49:47.819507" elapsed="0.049108"/>
</kw>
<kw name="Popup should be" owner="signup">
<kw name="Wait For Elements State" owner="Browser">
<msg time="2024-02-18T02:49:48.116969" level="INFO">Waited for Element with selector css=.swal2-html-container at state visible</msg>
<arg>css=.swal2-html-container</arg>
<arg>visible</arg>
<arg>500</arg>
<tag>PageContent</tag>
<tag>Wait</tag>
<doc>Waits for the element found by ``selector`` to satisfy state option.</doc>
<status status="PASS" start="2024-02-18T02:49:47.870614" elapsed="0.247354"/>
</kw>
<kw name="Get Text" owner="Browser">
<msg time="2024-02-18T02:49:48.139953" level="INFO">Text: 'Recebemos o seu cadastro e em breve retornaremos o contato.'</msg>
<arg>css=.swal2-html-container</arg>
<arg>equal</arg>
<arg>${expect_text}</arg>
<arg>Recebemos o seu cadastro e em breve retornaremos o contato.</arg>
<tag>Assertion</tag>
<tag>Getter</tag>
<tag>PageContent</tag>
<doc>Returns text attribute of the element found by ``selector``.</doc>
<status status="PASS" start="2024-02-18T02:49:48.117968" elapsed="0.021985"/>
</kw>
<arg>Recebemos o seu cadastro e em breve retornaremos o contato.</arg>
<status status="PASS" start="2024-02-18T02:49:47.869617" elapsed="0.271335"/>
</kw>
<kw name="Finish session" owner="base" type="TEARDOWN">
<kw name="Take Screenshot" owner="Browser">
<msg time="2024-02-18T02:49:48.462674" level="INFO" html="true">&lt;/td&gt;&lt;/tr&gt;&lt;tr&gt;&lt;td colspan="3"&gt;&lt;a href="browser/screenshot/robotframework-browser-screenshot-1.png" target="_blank"&gt;&lt;img src="browser/screenshot/robotframework-browser-screenshot-1.png" width="800px"/&gt;&lt;/a&gt;</msg>
<arg>fullPage=True</arg>
<tag>PageContent</tag>
<doc>Takes a screenshot of the current window or element and saves it to disk.</doc>
<status status="PASS" start="2024-02-18T02:49:48.142950" elapsed="0.320723"/>
</kw>
<status status="PASS" start="2024-02-18T02:49:48.141951" elapsed="0.321722"/>
</kw>
<tag>smoke</tag>
<status status="PASS" start="2024-02-18T02:49:39.881173" elapsed="8.583501"/>
</test>
<doc>Suite de testes de cadastro de dog walker</doc>
<status status="PASS" start="2024-02-18T02:49:38.373147" elapsed="10.207760"/>
</suite>
<status status="PASS" start="2024-02-18T02:49:38.367152" elapsed="10.224746"/>
</suite>
<status status="PASS" start="2024-02-18T02:49:38.333175" elapsed="10.262720"/>
</suite>
<statistics>
<total>
<stat pass="1" fail="0" skip="0">All Tests</stat>
</total>
<tag>
<stat pass="1" fail="0" skip="0">smoke</stat>
</tag>
<suite>
<stat pass="1" fail="0" skip="0" id="s1" name="Walkdog-Robot">Walkdog-Robot</stat>
<stat pass="1" fail="0" skip="0" id="s1-s1" name="Testes">Walkdog-Robot.Testes</stat>
<stat pass="1" fail="0" skip="0" id="s1-s1-s1" name="Signup">Walkdog-Robot.Testes.Signup</stat>
</suite>
</statistics>
<errors>
</errors>
</robot>
