<?xml version="1.0" encoding="UTF-8"?>
<robot generator="Robot 7.0 (Python 3.12.1 on win32)" generated="2024-02-09T21:09:57.965174" rpa="false" schemaversion="5">
<suite id="s1" name="Signup" source="G:\QAx\projects\walkdog-robot\signup.robot">
<test id="s1-t1" name="Deve pode cadastrar um novo dog walker" line="7">
<kw name="Set Variable" owner="BuiltIn">
<msg time="2024-02-09T21:09:59.325554" level="INFO">${name} = Lívia Marconi</msg>
<var>${name}</var>
<arg>Lívia Marconi</arg>
<doc>Returns the given values which can then be assigned to a variables.</doc>
<status status="PASS" start="2024-02-09T21:09:59.325554" elapsed="0.000000"/>
</kw>
<kw name="Set Variable" owner="BuiltIn">
<msg time="2024-02-09T21:09:59.326549" level="INFO">${email} = liviamarconi31@gmail.com</msg>
<var>${email}</var>
<arg>liviamarconi31@gmail.com</arg>
<doc>Returns the given values which can then be assigned to a variables.</doc>
<status status="PASS" start="2024-02-09T21:09:59.325554" elapsed="0.000995"/>
</kw>
<kw name="Set Variable" owner="BuiltIn">
<msg time="2024-02-09T21:09:59.326549" level="INFO">${cpf} = 46771167844</msg>
<var>${cpf}</var>
<arg>46771167844</arg>
<doc>Returns the given values which can then be assigned to a variables.</doc>
<status status="PASS" start="2024-02-09T21:09:59.326549" elapsed="0.000000"/>
</kw>
<kw name="Set Variable" owner="BuiltIn">
<msg time="2024-02-09T21:09:59.327527" level="INFO">${cep} = 02996080</msg>
<var>${cep}</var>
<arg>02996080</arg>
<doc>Returns the given values which can then be assigned to a variables.</doc>
<status status="PASS" start="2024-02-09T21:09:59.326549" elapsed="0.000978"/>
</kw>
<kw name="Set Variable" owner="BuiltIn">
<msg time="2024-02-09T21:09:59.327527" level="INFO">${addressStreet} = Rua Domenico Montella</msg>
<var>${addressStreet}</var>
<arg>Rua Domenico Montella</arg>
<doc>Returns the given values which can then be assigned to a variables.</doc>
<status status="PASS" start="2024-02-09T21:09:59.327527" elapsed="0.000000"/>
</kw>
<kw name="Set Variable" owner="BuiltIn">
<msg time="2024-02-09T21:09:59.328527" level="INFO">${addressDistrict} = Parque Nações Unidas</msg>
<var>${addressDistrict}</var>
<arg>Parque Nações Unidas</arg>
<doc>Returns the given values which can then be assigned to a variables.</doc>
<status status="PASS" start="2024-02-09T21:09:59.327527" elapsed="0.001000"/>
</kw>
<kw name="Set Variable" owner="BuiltIn">
<msg time="2024-02-09T21:09:59.328527" level="INFO">${addressCityUf} = São Paulo/SP</msg>
<var>${addressCityUf}</var>
<arg>São Paulo/SP</arg>
<doc>Returns the given values which can then be assigned to a variables.</doc>
<status status="PASS" start="2024-02-09T21:09:59.328527" elapsed="0.000000"/>
</kw>
<kw name="Set Variable" owner="BuiltIn">
<msg time="2024-02-09T21:09:59.329526" level="INFO">${addressNumber} = 25</msg>
<var>${addressNumber}</var>
<arg>25</arg>
<doc>Returns the given values which can then be assigned to a variables.</doc>
<status status="PASS" start="2024-02-09T21:09:59.328527" elapsed="0.000999"/>
</kw>
<kw name="Set Variable" owner="BuiltIn">
<msg time="2024-02-09T21:09:59.329526" level="INFO">${addressDetails} = Ao lado do 121</msg>
<var>${addressDetails}</var>
<arg>Ao lado do 121</arg>
<doc>Returns the given values which can then be assigned to a variables.</doc>
<status status="PASS" start="2024-02-09T21:09:59.329526" elapsed="0.000000"/>
</kw>
<kw name="Set Variable" owner="BuiltIn">
<msg time="2024-02-09T21:09:59.330526" level="INFO">${cnh} = toretto.jpg</msg>
<var>${cnh}</var>
<arg>toretto.jpg</arg>
<doc>Returns the given values which can then be assigned to a variables.</doc>
<status status="PASS" start="2024-02-09T21:09:59.330526" elapsed="0.000000"/>
</kw>
<kw name="Go to signup page">
<kw name="New Browser" owner="Browser">
<msg time="2024-02-09T21:09:59.331547" level="INFO">{"browser": "chromium", "headless": false, "chromiumSandbox": false, "devtools": false, "handleSIGHUP": true, "handleSIGINT": true, "handleSIGTERM": true, "slowMo": 0.0, "timeout": 30000.0, "tracesDir": "G:\\QAx\\projects\\walkdog-robot\\logs\\browser\\traces\\a67c0239-ca37-4424-99e9-457ca3d0f1e7"}</msg>
<msg time="2024-02-09T21:09:59.795524" level="INFO">Successfully created browser with options: {"browser":"chromium","headless":false,"chromiumSandbox":false,"devtools":false,"handleSIGHUP":true,"handleSIGINT":true,"handleSIGTERM":true,"slowMo":0,"timeout":30000,"tracesDir":"G:\\QAx\\projects\\walkdog-robot\\logs\\browser\\traces\\a67c0239-ca37-4424-99e9-457ca3d0f1e7"}</msg>
<arg>browser=chromium</arg>
<arg>headless=False</arg>
<tag>BrowserControl</tag>
<tag>Setter</tag>
<doc>Create a new playwright Browser with specified options.</doc>
<status status="PASS" start="2024-02-09T21:09:59.331547" elapsed="0.464977"/>
</kw>
<kw name="New Page" owner="Browser">
<msg time="2024-02-09T21:10:00.574534" level="INFO">Successfully initialized new page object and opened url: https://walkdog.vercel.app/signup</msg>
<msg time="2024-02-09T21:10:00.574534" level="INFO">No context was open. New context was automatically opened when this page is created.</msg>
<arg>https://walkdog.vercel.app/signup</arg>
<tag>BrowserControl</tag>
<tag>Setter</tag>
<doc>Open a new Page.</doc>
<status status="PASS" start="2024-02-09T21:09:59.796524" elapsed="0.778010"/>
</kw>
<kw name="Wait For Elements State" owner="Browser">
<msg time="2024-02-09T21:10:00.620506" level="INFO">Waited for Element with selector form h1 at state visible</msg>
<arg>form h1</arg>
<arg>visible</arg>
<arg>5000</arg>
<tag>PageContent</tag>
<tag>Wait</tag>
<doc>Waits for the element found by ``selector`` to satisfy state option.</doc>
<status status="PASS" start="2024-02-09T21:10:00.575533" elapsed="0.044973"/>
</kw>
<kw name="Get Text" owner="Browser">
<msg time="2024-02-09T21:10:00.654487" level="INFO">Text: 'Faça seu cadastro'</msg>
<arg>form h1</arg>
<arg>equal</arg>
<arg>Faça seu cadastro</arg>
<tag>Assertion</tag>
<tag>Getter</tag>
<tag>PageContent</tag>
<doc>Returns text attribute of the element found by ``selector``.</doc>
<status status="PASS" start="2024-02-09T21:10:00.620506" elapsed="0.033981"/>
</kw>
<status status="PASS" start="2024-02-09T21:09:59.330526" elapsed="1.323961"/>
</kw>
<kw name="Fill signup form">
<kw name="Fill Text" owner="Browser">
<msg time="2024-02-09T21:10:00.656487" level="INFO">Fills the text 'Lívia Marconi' in the given field.</msg>
<arg>css=input[name=name]</arg>
<arg>${name}</arg>
<tag>PageContent</tag>
<tag>Setter</tag>
<doc>Clears and fills the given ``txt`` into the text field found by ``selector``.</doc>
<status status="PASS" start="2024-02-09T21:10:00.655487" elapsed="0.029985"/>
</kw>
<kw name="Fill Text" owner="Browser">
<msg time="2024-02-09T21:10:00.686584" level="INFO">Fills the text 'liviamarconi31@gmail.com' in the given field.</msg>
<arg>css=input[name=email]</arg>
<arg>${email}</arg>
<tag>PageContent</tag>
<tag>Setter</tag>
<doc>Clears and fills the given ``txt`` into the text field found by ``selector``.</doc>
<status status="PASS" start="2024-02-09T21:10:00.685472" elapsed="0.025009"/>
</kw>
<kw name="Fill Text" owner="Browser">
<msg time="2024-02-09T21:10:00.711478" level="INFO">Fills the text '46771167844' in the given field.</msg>
<arg>css=input[name=cpf]</arg>
<arg>${cpf}</arg>
<tag>PageContent</tag>
<tag>Setter</tag>
<doc>Clears and fills the given ``txt`` into the text field found by ``selector``.</doc>
<status status="PASS" start="2024-02-09T21:10:00.710481" elapsed="0.022962"/>
</kw>
<kw name="Fill Text" owner="Browser">
<msg time="2024-02-09T21:10:00.733443" level="INFO">Fills the text '02996080' in the given field.</msg>
<arg>css=input[name=cep]</arg>
<arg>${cep}</arg>
<tag>PageContent</tag>
<tag>Setter</tag>
<doc>Clears and fills the given ``txt`` into the text field found by ``selector``.</doc>
<status status="PASS" start="2024-02-09T21:10:00.733443" elapsed="0.019987"/>
</kw>
<kw name="Click" owner="Browser">
<arg>css=input[type=button][value$=CEP]</arg>
<tag>PageContent</tag>
<tag>Setter</tag>
<doc>Simulates mouse click on the element found by ``selector``.</doc>
<status status="PASS" start="2024-02-09T21:10:00.754430" elapsed="0.056971"/>
</kw>
<kw name="Get Property" owner="Browser">
<msg time="2024-02-09T21:10:01.231526" level="INFO">Property: 'Rua Domenico Montella'</msg>
<arg>css=input[name=addressStreet]</arg>
<arg>value</arg>
<arg>equal</arg>
<arg>${addressStreet}</arg>
<tag>Assertion</tag>
<tag>Getter</tag>
<tag>PageContent</tag>
<doc>Returns the ``property`` of the element found by ``selector``.</doc>
<status status="PASS" start="2024-02-09T21:10:00.811401" elapsed="0.421103"/>
</kw>
<kw name="Get Property" owner="Browser">
<msg time="2024-02-09T21:10:01.244498" level="INFO">Property: 'Parque Nações Unidas'</msg>
<arg>css=input[name=addressDistrict]</arg>
<arg>value</arg>
<arg>equal</arg>
<arg>${addressDistrict}</arg>
<tag>Assertion</tag>
<tag>Getter</tag>
<tag>PageContent</tag>
<doc>Returns the ``property`` of the element found by ``selector``.</doc>
<status status="PASS" start="2024-02-09T21:10:01.232504" elapsed="0.011994"/>
</kw>
<kw name="Get Property" owner="Browser">
<msg time="2024-02-09T21:10:01.255534" level="INFO">Property: 'São Paulo/SP'</msg>
<arg>css=input[name=addressCityUf]</arg>
<arg>value</arg>
<arg>equal</arg>
<arg>${addressCityUf}</arg>
<tag>Assertion</tag>
<tag>Getter</tag>
<tag>PageContent</tag>
<doc>Returns the ``property`` of the element found by ``selector``.</doc>
<status status="PASS" start="2024-02-09T21:10:01.244498" elapsed="0.011036"/>
</kw>
<kw name="Fill Text" owner="Browser">
<msg time="2024-02-09T21:10:01.256491" level="INFO">Fills the text '25' in the given field.</msg>
<arg>css=input[name=addressNumber]</arg>
<arg>${addressNumber}</arg>
<tag>PageContent</tag>
<tag>Setter</tag>
<doc>Clears and fills the given ``txt`` into the text field found by ``selector``.</doc>
<status status="PASS" start="2024-02-09T21:10:01.256491" elapsed="0.020009"/>
</kw>
<kw name="Fill Text" owner="Browser">
<msg time="2024-02-09T21:10:01.277479" level="INFO">Fills the text 'Ao lado do 121' in the given field.</msg>
<arg>css=input[name=addressDetails]</arg>
<arg>${addressDetails}</arg>
<tag>PageContent</tag>
<tag>Setter</tag>
<doc>Clears and fills the given ``txt`` into the text field found by ``selector``.</doc>
<status status="PASS" start="2024-02-09T21:10:01.277479" elapsed="0.018990"/>
</kw>
<kw name="Upload File By Selector" owner="Browser">
<arg>css=input[type=file]</arg>
<arg>${EXECDIR}/${cnh}</arg>
<tag>PageContent</tag>
<tag>Setter</tag>
<doc>Uploads file from `path` to file input element matched by selector.</doc>
<status status="PASS" start="2024-02-09T21:10:01.296469" elapsed="0.021986"/>
</kw>
<arg>${name}</arg>
<arg>${email}</arg>
<arg>${cpf}</arg>
<arg>${cep}</arg>
<arg>${addressStreet}</arg>
<arg>${addressDistrict}</arg>
<arg>${addressCityUF}</arg>
<arg>${addressNumber}</arg>
<arg>${addressDetails}</arg>
<arg>${cnh}</arg>
<status status="PASS" start="2024-02-09T21:10:00.655487" elapsed="0.662968"/>
</kw>
<kw name="Submit signup form">
<kw name="Click" owner="Browser">
<arg>css=.button-register</arg>
<tag>PageContent</tag>
<tag>Setter</tag>
<doc>Simulates mouse click on the element found by ``selector``.</doc>
<status status="PASS" start="2024-02-09T21:10:01.319456" elapsed="0.053967"/>
</kw>
<status status="PASS" start="2024-02-09T21:10:01.319456" elapsed="0.053967"/>
</kw>
<kw name="Popup should be">
<kw name="Wait For Elements State" owner="Browser">
<msg time="2024-02-09T21:10:01.609288" level="INFO">Waited for Element with selector css=.swal2-html-container at state visible</msg>
<arg>css=.swal2-html-container</arg>
<arg>visible</arg>
<arg>5</arg>
<tag>PageContent</tag>
<tag>Wait</tag>
<doc>Waits for the element found by ``selector`` to satisfy state option.</doc>
<status status="PASS" start="2024-02-09T21:10:01.374423" elapsed="0.234865"/>
</kw>
<kw name="Get Text" owner="Browser">
<msg time="2024-02-09T21:10:01.628278" level="INFO">Text: 'Recebemos o seu cadastro e em breve retornaremos o contato.'</msg>
<arg>css=.swal2-html-container</arg>
<arg>equal</arg>
<arg>${expect_text}</arg>
<arg>Recebemos o seu cadastro e em breve retornaremos o contato.</arg>
<tag>Assertion</tag>
<tag>Getter</tag>
<tag>PageContent</tag>
<doc>Returns text attribute of the element found by ``selector``.</doc>
<status status="PASS" start="2024-02-09T21:10:01.610289" elapsed="0.017989"/>
</kw>
<kw name="Sleep" owner="BuiltIn">
<msg time="2024-02-09T21:20:01.629690" level="INFO">Slept 10 minutes.</msg>
<arg>600</arg>
<doc>Pauses the test executed for the given time.</doc>
<status status="PASS" start="2024-02-09T21:10:01.629277" elapsed="600.000413"/>
</kw>
<arg>Recebemos o seu cadastro e em breve retornaremos o contato.</arg>
<status status="PASS" start="2024-02-09T21:10:01.374423" elapsed="600.255267"/>
</kw>
<status status="PASS" start="2024-02-09T21:09:59.321531" elapsed="602.309112"/>
</test>
<doc>Suite de testes de cadastro de dog walker</doc>
<status status="PASS" start="2024-02-09T21:09:57.967204" elapsed="603.696448"/>
</suite>
<statistics>
<total>
<stat pass="1" fail="0" skip="0">All Tests</stat>
</total>
<tag>
</tag>
<suite>
<stat pass="1" fail="0" skip="0" id="s1" name="Signup">Signup</stat>
</suite>
</statistics>
<errors>
</errors>
</robot>
